<?xml version="1.0" encoding="UTF-8"?>
<testng-results skipped="1" failed="0" ignored="0" total="1" passed="0">
  <reporter-output>
  </reporter-output>
  <suite name="Default suite" duration-ms="917" started-at="2018-09-03T03:59:25Z" finished-at="2018-09-03T03:59:26Z">
    <groups>
      <group name="sanity">
        <method signature="EditLead.editLead(java.lang.String, java.lang.String)[pri:0, instance:testcases.EditLead@5ec0a365]" name="editLead" class="testcases.EditLead"/>
      </group> <!-- sanity -->
    </groups>
    <test name="Default test" duration-ms="917" started-at="2018-09-03T03:59:25Z" finished-at="2018-09-03T03:59:26Z">
      <class name="testcases.EditLead">
        <test-method status="PASS" signature="startResult()[pri:0, instance:testcases.EditLead@5ec0a365]" name="startResult" is-config="true" duration-ms="505" started-at="2018-09-03T03:59:24Z" finished-at="2018-09-03T03:59:25Z">
          <reporter-output>
          </reporter-output>
        </test-method> <!-- startResult -->
        <test-method status="PASS" signature="beforeSuite()[pri:0, instance:testcases.EditLead@5ec0a365]" name="beforeSuite" is-config="true" duration-ms="33" started-at="2018-09-03T03:59:25Z" depends-on-methods="testcases.Reports.startResult" finished-at="2018-09-03T03:59:25Z">
          <reporter-output>
          </reporter-output>
        </test-method> <!-- beforeSuite -->
        <test-method status="FAIL" signature="startTestcase(java.lang.String, java.lang.String)[pri:0, instance:testcases.EditLead@5ec0a365]" name="startTestcase" is-config="true" duration-ms="0" started-at="2018-09-03T03:59:25Z" finished-at="2018-09-03T03:59:25Z">
          <exception class="org.testng.TestNGException">
            <message>
              <![CDATA[
Can inject only one of <ITestContext, XmlTest> into a @BeforeClass annotated startTestcase.
For more information on native dependency injection please refer to http://testng.org/doc/documentation-main.html#native-dependency-injection]]>
            </message>
            <full-stacktrace>
              <![CDATA[org.testng.TestNGException: 
Can inject only one of <ITestContext, XmlTest> into a @BeforeClass annotated startTestcase.
For more information on native dependency injection please refer to http://testng.org/doc/documentation-main.html#native-dependency-injection
at org.testng.internal.Parameters.checkParameterTypes(Parameters.java:407)
at org.testng.internal.Parameters.createParametersForMethod(Parameters.java:356)
at org.testng.internal.Parameters.createParameters(Parameters.java:635)
at org.testng.internal.Parameters.createConfigurationParameters(Parameters.java:190)
at org.testng.internal.Invoker.invokeConfigurations(Invoker.java:209)
at org.testng.internal.Invoker.invokeConfigurations(Invoker.java:142)
at org.testng.internal.TestMethodWorker.invokeBeforeClassMethods(TestMethodWorker.java:168)
at org.testng.internal.TestMethodWorker.run(TestMethodWorker.java:105)
at org.testng.TestRunner.privateRun(TestRunner.java:648)
at org.testng.TestRunner.run(TestRunner.java:505)
at org.testng.SuiteRunner.runTest(SuiteRunner.java:455)
at org.testng.SuiteRunner.runSequentially(SuiteRunner.java:450)
at org.testng.SuiteRunner.privateRun(SuiteRunner.java:415)
at org.testng.SuiteRunner.run(SuiteRunner.java:364)
at org.testng.SuiteRunnerWorker.runSuite(SuiteRunnerWorker.java:52)
at org.testng.SuiteRunnerWorker.run(SuiteRunnerWorker.java:84)
at org.testng.TestNG.runSuitesSequentially(TestNG.java:1208)
at org.testng.TestNG.runSuitesLocally(TestNG.java:1137)
at org.testng.TestNG.runSuites(TestNG.java:1049)
at org.testng.TestNG.run(TestNG.java:1017)
at org.testng.remote.AbstractRemoteTestNG.run(AbstractRemoteTestNG.java:114)
at org.testng.remote.RemoteTestNG.initAndRun(RemoteTestNG.java:251)
at org.testng.remote.RemoteTestNG.main(RemoteTestNG.java:77)
]]>
            </full-stacktrace>
          </exception> <!-- org.testng.TestNGException -->
          <reporter-output>
          </reporter-output>
        </test-method> <!-- startTestcase -->
        <test-method status="SKIP" signature="beforeClass()[pri:0, instance:testcases.EditLead@5ec0a365]" name="beforeClass" is-config="true" duration-ms="0" started-at="2018-09-03T03:59:25Z" finished-at="2018-09-03T03:59:25Z">
          <reporter-output>
          </reporter-output>
        </test-method> <!-- beforeClass -->
        <test-method status="SKIP" signature="setData()[pri:0, instance:testcases.EditLead@5ec0a365]" name="setData" is-config="true" duration-ms="0" started-at="2018-09-03T03:59:25Z" finished-at="2018-09-03T03:59:25Z">
          <reporter-output>
          </reporter-output>
        </test-method> <!-- setData -->
        <test-method status="SKIP" signature="beforMethod(java.lang.String, java.lang.String)[pri:0, instance:testcases.EditLead@5ec0a365]" name="beforMethod" is-config="true" duration-ms="0" started-at="2018-09-03T03:59:26Z" finished-at="2018-09-03T03:59:26Z">
          <reporter-output>
          </reporter-output>
        </test-method> <!-- beforMethod -->
        <test-method status="SKIP" signature="login(java.lang.String, java.lang.String, java.lang.String)[pri:0, instance:testcases.EditLead@5ec0a365]" name="login" is-config="true" duration-ms="0" started-at="2018-09-03T03:59:26Z" finished-at="2018-09-03T03:59:26Z">
          <reporter-output>
          </reporter-output>
        </test-method> <!-- login -->
        <test-method status="SKIP" signature="editLead(java.lang.String, java.lang.String)[pri:0, instance:testcases.EditLead@5ec0a365]" name="editLead" duration-ms="0" started-at="2018-09-03T03:59:26Z" data-provider="fetchData" finished-at="2018-09-03T03:59:26Z">
          <exception class="org.testng.TestNGException">
            <message>
              <![CDATA[
Can inject only one of <ITestContext, XmlTest> into a @BeforeClass annotated startTestcase.
For more information on native dependency injection please refer to http://testng.org/doc/documentation-main.html#native-dependency-injection]]>
            </message>
            <full-stacktrace>
              <![CDATA[org.testng.TestNGException: 
Can inject only one of <ITestContext, XmlTest> into a @BeforeClass annotated startTestcase.
For more information on native dependency injection please refer to http://testng.org/doc/documentation-main.html#native-dependency-injection
at org.testng.internal.Parameters.checkParameterTypes(Parameters.java:407)
at org.testng.internal.Parameters.createParametersForMethod(Parameters.java:356)
at org.testng.internal.Parameters.createParameters(Parameters.java:635)
at org.testng.internal.Parameters.createConfigurationParameters(Parameters.java:190)
at org.testng.internal.Invoker.invokeConfigurations(Invoker.java:209)
at org.testng.internal.Invoker.invokeConfigurations(Invoker.java:142)
at org.testng.internal.TestMethodWorker.invokeBeforeClassMethods(TestMethodWorker.java:168)
at org.testng.internal.TestMethodWorker.run(TestMethodWorker.java:105)
at org.testng.TestRunner.privateRun(TestRunner.java:648)
at org.testng.TestRunner.run(TestRunner.java:505)
at org.testng.SuiteRunner.runTest(SuiteRunner.java:455)
at org.testng.SuiteRunner.runSequentially(SuiteRunner.java:450)
at org.testng.SuiteRunner.privateRun(SuiteRunner.java:415)
at org.testng.SuiteRunner.run(SuiteRunner.java:364)
at org.testng.SuiteRunnerWorker.runSuite(SuiteRunnerWorker.java:52)
at org.testng.SuiteRunnerWorker.run(SuiteRunnerWorker.java:84)
at org.testng.TestNG.runSuitesSequentially(TestNG.java:1208)
at org.testng.TestNG.runSuitesLocally(TestNG.java:1137)
at org.testng.TestNG.runSuites(TestNG.java:1049)
at org.testng.TestNG.run(TestNG.java:1017)
at org.testng.remote.AbstractRemoteTestNG.run(AbstractRemoteTestNG.java:114)
at org.testng.remote.RemoteTestNG.initAndRun(RemoteTestNG.java:251)
at org.testng.remote.RemoteTestNG.main(RemoteTestNG.java:77)
]]>
            </full-stacktrace>
          </exception> <!-- org.testng.TestNGException -->
          <reporter-output>
          </reporter-output>
        </test-method> <!-- editLead -->
        <test-method status="SKIP" signature="close()[pri:0, instance:testcases.EditLead@5ec0a365]" name="close" is-config="true" duration-ms="0" started-at="2018-09-03T03:59:26Z" finished-at="2018-09-03T03:59:26Z">
          <reporter-output>
          </reporter-output>
        </test-method> <!-- close -->
        <test-method status="SKIP" signature="afterSuite()[pri:0, instance:testcases.EditLead@5ec0a365]" name="afterSuite" is-config="true" duration-ms="0" started-at="2018-09-03T03:59:26Z" finished-at="2018-09-03T03:59:26Z">
          <reporter-output>
          </reporter-output>
        </test-method> <!-- afterSuite -->
      </class> <!-- testcases.EditLead -->
    </test> <!-- Default test -->
  </suite> <!-- Default suite -->
</testng-results>
